<?xml version="1.0" encoding="UTF-8"?>
<testsuite name="hello.UserRestControllerTest" tests="3" skipped="0" failures="0" errors="0" timestamp="2019-01-02T15:56:00" hostname="Ginas-MacBook-Pro.local" time="0.633">
  <properties/>
  <testcase name="newShouldReturnAForm" classname="hello.UserRestControllerTest" time="0.356"/>
  <testcase name="indexShouldReturnAListOfAllUsers" classname="hello.UserRestControllerTest" time="0.136"/>
  <testcase name="createUserSavesUser" classname="hello.UserRestControllerTest" time="0.14"/>
  <system-out><![CDATA[2019-01-02 10:56:00.283  INFO 34124 --- [    Test worker] .b.t.c.SpringBootTestContextBootstrapper : Neither @ContextConfiguration nor @ContextHierarchy found for test class [hello.UserRestControllerTest], using SpringBootContextLoader
2019-01-02 10:56:00.284  INFO 34124 --- [    Test worker] o.s.t.c.support.AbstractContextLoader    : Could not detect default resource locations for test class [hello.UserRestControllerTest]: no resource found for suffixes {-context.xml, Context.groovy}.
2019-01-02 10:56:00.284  INFO 34124 --- [    Test worker] t.c.s.AnnotationConfigContextLoaderUtils : Could not detect default configuration classes for test class [hello.UserRestControllerTest]: UserRestControllerTest does not declare any static, non-private, non-final, nested classes annotated with @Configuration.
2019-01-02 10:56:00.285  INFO 34124 --- [    Test worker] .b.t.c.SpringBootTestContextBootstrapper : Found @SpringBootConfiguration hello.Application for test class hello.UserRestControllerTest
2019-01-02 10:56:00.286  INFO 34124 --- [    Test worker] .b.t.c.SpringBootTestContextBootstrapper : Loaded default TestExecutionListener class names from location [META-INF/spring.factories]: [org.springframework.boot.test.autoconfigure.restdocs.RestDocsTestExecutionListener, org.springframework.boot.test.autoconfigure.web.client.MockRestServiceServerResetTestExecutionListener, org.springframework.boot.test.autoconfigure.web.servlet.MockMvcPrintOnlyOnFailureTestExecutionListener, org.springframework.boot.test.autoconfigure.web.servlet.WebDriverTestExecutionListener, org.springframework.boot.test.mock.mockito.MockitoTestExecutionListener, org.springframework.boot.test.mock.mockito.ResetMocksTestExecutionListener, org.springframework.test.context.web.ServletTestExecutionListener, org.springframework.test.context.support.DirtiesContextBeforeModesTestExecutionListener, org.springframework.test.context.support.DependencyInjectionTestExecutionListener, org.springframework.test.context.support.DirtiesContextTestExecutionListener, org.springframework.test.context.transaction.TransactionalTestExecutionListener, org.springframework.test.context.jdbc.SqlScriptsTestExecutionListener]
2019-01-02 10:56:00.287  INFO 34124 --- [    Test worker] .b.t.c.SpringBootTestContextBootstrapper : Using TestExecutionListeners: [org.springframework.test.context.web.ServletTestExecutionListener@fb16b97, org.springframework.test.context.support.DirtiesContextBeforeModesTestExecutionListener@6043c0bc, org.springframework.boot.test.mock.mockito.MockitoTestExecutionListener@6dc3713f, org.springframework.boot.test.autoconfigure.SpringBootDependencyInjectionTestExecutionListener@792fa621, org.springframework.test.context.support.DirtiesContextTestExecutionListener@7dc69740, org.springframework.test.context.transaction.TransactionalTestExecutionListener@37efe64, org.springframework.test.context.jdbc.SqlScriptsTestExecutionListener@75c22dbd, org.springframework.boot.test.autoconfigure.restdocs.RestDocsTestExecutionListener@71d8938a, org.springframework.boot.test.autoconfigure.web.client.MockRestServiceServerResetTestExecutionListener@38ed7666, org.springframework.boot.test.autoconfigure.web.servlet.MockMvcPrintOnlyOnFailureTestExecutionListener@4c1422c1, org.springframework.boot.test.autoconfigure.web.servlet.WebDriverTestExecutionListener@28df413b, org.springframework.boot.test.mock.mockito.ResetMocksTestExecutionListener@1d2ec369]
2019-01-02 10:56:00.669  INFO 34124 --- [o-auto-1-exec-3] o.h.h.i.QueryTranslatorFactoryInitiator  : HHH000397: Using ASTQueryTranslatorFactory
]]></system-out>
  <system-err><![CDATA[]]></system-err>
</testsuite>
