<?xml version="1.0" encoding="UTF-8"?>
<testsuite name="hello.HttpRequestTest" tests="1" skipped="0" failures="0" errors="0" timestamp="2019-01-02T15:55:58" hostname="Ginas-MacBook-Pro.local" time="0.25">
  <properties/>
  <testcase name="indexShouldReturnDefaultMessage" classname="hello.HttpRequestTest" time="0.25"/>
  <system-out><![CDATA[10:55:52.268 [Test worker] DEBUG org.springframework.test.context.junit4.SpringJUnit4ClassRunner - SpringJUnit4ClassRunner constructor called with [class hello.HttpRequestTest]
10:55:52.281 [Test worker] DEBUG org.springframework.test.context.BootstrapUtils - Instantiating CacheAwareContextLoaderDelegate from class [org.springframework.test.context.cache.DefaultCacheAwareContextLoaderDelegate]
10:55:52.291 [Test worker] DEBUG org.springframework.test.context.BootstrapUtils - Instantiating BootstrapContext using constructor [public org.springframework.test.context.support.DefaultBootstrapContext(java.lang.Class,org.springframework.test.context.CacheAwareContextLoaderDelegate)]
10:55:52.318 [Test worker] DEBUG org.springframework.test.context.BootstrapUtils - Instantiating TestContextBootstrapper for test class [hello.HttpRequestTest] from class [org.springframework.boot.test.context.SpringBootTestContextBootstrapper]
10:55:52.332 [Test worker] INFO org.springframework.boot.test.context.SpringBootTestContextBootstrapper - Neither @ContextConfiguration nor @ContextHierarchy found for test class [hello.HttpRequestTest], using SpringBootContextLoader
10:55:52.337 [Test worker] DEBUG org.springframework.test.context.support.AbstractContextLoader - Did not detect default resource location for test class [hello.HttpRequestTest]: class path resource [hello/HttpRequestTest-context.xml] does not exist
10:55:52.338 [Test worker] DEBUG org.springframework.test.context.support.AbstractContextLoader - Did not detect default resource location for test class [hello.HttpRequestTest]: class path resource [hello/HttpRequestTestContext.groovy] does not exist
10:55:52.338 [Test worker] INFO org.springframework.test.context.support.AbstractContextLoader - Could not detect default resource locations for test class [hello.HttpRequestTest]: no resource found for suffixes {-context.xml, Context.groovy}.
10:55:52.339 [Test worker] INFO org.springframework.test.context.support.AnnotationConfigContextLoaderUtils - Could not detect default configuration classes for test class [hello.HttpRequestTest]: HttpRequestTest does not declare any static, non-private, non-final, nested classes annotated with @Configuration.
10:55:52.375 [Test worker] DEBUG org.springframework.test.context.support.ActiveProfilesUtils - Could not find an 'annotation declaring class' for annotation type [org.springframework.test.context.ActiveProfiles] and class [hello.HttpRequestTest]
10:55:52.383 [Test worker] DEBUG org.springframework.core.env.StandardEnvironment - Adding PropertySource 'systemProperties' with lowest search precedence
10:55:52.384 [Test worker] DEBUG org.springframework.core.env.StandardEnvironment - Adding PropertySource 'systemEnvironment' with lowest search precedence
10:55:52.384 [Test worker] DEBUG org.springframework.core.env.StandardEnvironment - Initialized StandardEnvironment with PropertySources [MapPropertySource@347853928 {name='systemProperties', properties={gopherProxySet=false, awt.toolkit=sun.lwawt.macosx.LWCToolkit, java.specification.version=11, sun.cpu.isalist=, sun.jnu.encoding=UTF-8, org.gradle.test.worker=2, java.class.path=/Users/gina/.gradle/caches/5.0/workerMain/gradle-worker.jar:/Users/gina/workspace/gina/build/classes/java/test:/Users/gina/workspace/gina/build/resources/test:/Users/gina/workspace/gina/build/classes/java/main:/Users/gina/workspace/gina/build/resources/main:/Users/gina/.gradle/caches/modules-2/files-2.1/org.springframework.boot/spring-boot-starter-web/2.0.5.RELEASE/52daa1f1509bd637a737206e54c06a17aabb9504/spring-boot-starter-web-2.0.5.RELEASE.jar:/Users/gina/.gradle/caches/modules-2/files-2.1/org.springframework.boot/spring-boot-starter-data-jpa/2.0.5.RELEASE/c99b58e8ada11478aa5d0c3065745b7e887f094e/spring-boot-starter-data-jpa-2.0.5.RELEASE.jar:/Users/gina/.gradle/caches/modules-2/files-2.1/org.springframework.boot/spring-boot-starter-actuator/2.0.5.RELEASE/d5153c71f55aa39593fb6295790aad7cd81ef296/spring-boot-starter-actuator-2.0.5.RELEASE.jar:/Users/gina/.gradle/caches/modules-2/files-2.1/org.springframework.boot/spring-boot-starter-thymeleaf/2.0.5.RELEASE/711c936b0e73d40cde44b68deeed7e5a879b7974/spring-boot-starter-thymeleaf-2.0.5.RELEASE.jar:/Users/gina/.gradle/caches/modules-2/files-2.1/javax.xml.bind/jaxb-api/2.3.0/99f802e0cb3e953ba3d6e698795c4aeb98d37c48/jaxb-api-2.3.0.jar:/Users/gina/.gradle/caches/modules-2/files-2.1/com.h2database/h2/1.4.197/bb391050048ca8ae3e32451b5a3714ecd3596a46/h2-1.4.197.jar:/Users/gina/.gradle/caches/modules-2/files-2.1/org.hibernate/hibernate-core/5.2.17.Final/f2dc36470e7a2ffcf6106bb1625ecf5b54bb5f65/hibernate-core-5.2.17.Final.jar:/Users/gina/.gradle/caches/modules-2/files-2.1/org.javassist/javassist/3.23.1-GA/c072c13dcb7f705471c40bafb1536171df850ab2/javassist-3.23.1-GA.jar:/Users/gina/.gradle/caches/modules-2/files-2.1/org.springframework.boot/spring-boot-starter-test/2.0.5.RELEASE/ab04ca2e76f6a8e786001352a81a10e4b0e7fbc8/spring-boot-starter-test-2.0.5.RELEASE.jar:/Users/gina/.gradle/caches/modules-2/files-2.1/junit/junit/4.12/2973d150c0dc1fefe998f834810d68f278ea58ec/junit-4.12.jar:/Users/gina/.gradle/caches/modules-2/files-2.1/org.springframework.boot/spring-boot-starter-json/2.0.5.RELEASE/d0052ded4733ceb1fb7d927238f22f9a92099227/spring-boot-starter-json-2.0.5.RELEASE.jar:/Users/gina/.gradle/caches/modules-2/files-2.1/org.springframework.boot/spring-boot-starter-aop/2.0.5.RELEASE/6bc1e8bcc849772d48cae1e8278cd2b471361698/spring-boot-starter-aop-2.0.5.RELEASE.jar:/Users/gina/.gradle/caches/modules-2/files-2.1/org.springframework.boot/spring-boot-starter-jdbc/2.0.5.RELEASE/9a5370acc7c5e17f4a00578211fbbd212b9a8329/spring-boot-starter-jdbc-2.0.5.RELEASE.jar:/Users/gina/.gradle/caches/modules-2/files-2.1/org.springframework.boot/spring-boot-starter/2.0.5.RELEASE/1f53487a373be18d064a5815e9bac9882ef15cdc/spring-boot-starter-2.0.5.RELEASE.jar:/Users/gina/.gradle/caches/modules-2/files-2.1/org.springframework.boot/spring-boot-starter-tomcat/2.0.5.RELEASE/eaac8a5d73b45400bc88cd7f6b5c99b5f0d5e9b7/spring-boot-starter-tomcat-2.0.5.RELEASE.jar:/Users/gina/.gradle/caches/modules-2/files-2.1/org.hibernate.validator/hibernate-validator/6.0.12.Final/478003e61b056c1f97840ba3e62ff31cdc89597/hibernate-validator-6.0.12.Final.jar:/Users/gina/.gradle/caches/modules-2/files-2.1/org.springframework/spring-webmvc/5.0.9.RELEASE/c18346caaeb8dc648c4cc01874996fd9fef76664/spring-webmvc-5.0.9.RELEASE.jar:/Users/gina/.gradle/caches/modules-2/files-2.1/org.springframework/spring-web/5.0.9.RELEASE/1ea3aab93340849313fa74ec626ddaf1fff9ed8e/spring-web-5.0.9.RELEASE.jar:/Users/gina/.gradle/caches/modules-2/files-2.1/javax.transaction/javax.transaction-api/1.2/d81aff979d603edd90dcd8db2abc1f4ce6479e3e/javax.transaction-api-1.2.jar:/Users/gina/.gradle/caches/modules-2/files-2.1/org.springframework.data/spring-data-jpa/2.0.10.RELEASE/a6e644c363d050c6c90f078f4f0ac66892f60d54/spring-data-jpa-2.0.10.RELEASE.jar:/Users/gina/.gradle/caches/modules-2/files-2.1/org.springframework/spring-aspects/5.0.9.RELEASE/dfb2da4c573391d8e8a482f08bdf4d38398e2bb0/spring-aspects-5.0.9.RELEASE.jar:/Users/gina/.gradle/caches/modules-2/files-2.1/org.springframework.boot/spring-boot-actuator-autoconfigure/2.0.5.RELEASE/b29cda343b80e9294646070a5e0d353c3f9f01d1/spring-boot-actuator-autoconfigure-2.0.5.RELEASE.jar:/Users/gina/.gradle/caches/modules-2/files-2.1/io.micrometer/micrometer-core/1.0.6/50299bc8a34c251d62311bbb1a297f3942a82e42/micrometer-core-1.0.6.jar:/Users/gina/.gradle/caches/modules-2/files-2.1/org.thymeleaf/thymeleaf-spring5/3.0.9.RELEASE/abf84efd83808a70d982d2790f7f3a7bd3a39cf4/thymeleaf-spring5-3.0.9.RELEASE.jar:/Users/gina/.gradle/caches/modules-2/files-2.1/org.thymeleaf.extras/thymeleaf-extras-java8time/3.0.1.RELEASE/d23760d1e53cd70c489ef40dc94ee6bd2371cceb/thymeleaf-extras-java8time-3.0.1.RELEASE.jar:/Users/gina/.gradle/caches/modules-2/files-2.1/org.hamcrest/hamcrest-library/1.3/4785a3c21320980282f9f33d0d1264a69040538f/hamcrest-library-1.3.jar:/Users/gina/.gradle/caches/modules-2/files-2.1/org.hamcrest/hamcrest-core/1.3/42a25dc3219429f0e5d060061f71acb49bf010a0/hamcrest-core-1.3.jar:/Users/gina/.gradle/caches/modules-2/files-2.1/org.springframework.boot/spring-boot-test-autoconfigure/2.0.5.RELEASE/54d5e8f9e88c6236fe164474f0aed5a8a1052c43/spring-boot-test-autoconfigure-2.0.5.RELEASE.jar:/Users/gina/.gradle/caches/modules-2/files-2.1/org.springframework.boot/spring-boot-test/2.0.5.RELEASE/ce6353f33217982357a6bdba6576015ea333304c/spring-boot-test-2.0.5.RELEASE.jar:/Users/gina/.gradle/caches/modules-2/files-2.1/com.jayway.jsonpath/json-path/2.4.0/765a4401ceb2dc8d40553c2075eb80a8fa35c2ae/json-path-2.4.0.jar:/Users/gina/.gradle/caches/modules-2/files-2.1/org.assertj/assertj-core/3.9.1/c5ce126b15f28d56cd8f960c1a6a058b9c9aea87/assertj-core-3.9.1.jar:/Users/gina/.gradle/caches/modules-2/files-2.1/org.mockito/mockito-core/2.15.0/b84bfbbc29cd22c9529409627af6ea2897f4fa85/mockito-core-2.15.0.jar:/Users/gina/.gradle/caches/modules-2/files-2.1/org.skyscreamer/jsonassert/1.5.0/6c9d5fe2f59da598d9aefc1cfc6528ff3cf32df3/jsonassert-1.5.0.jar:/Users/gina/.gradle/caches/modules-2/files-2.1/org.springframework/spring-test/5.0.9.RELEASE/218c8648f898453be92d550252e0ce2a84b54375/spring-test-5.0.9.RELEASE.jar:/Users/gina/.gradle/caches/modules-2/files-2.1/org.springframework.boot/spring-boot-autoconfigure/2.0.5.RELEASE/e5588642799e0c0c04638e255c3d3f31ba400ff4/spring-boot-autoconfigure-2.0.5.RELEASE.jar:/Users/gina/.gradle/caches/modules-2/files-2.1/org.springframework.boot/spring-boot-actuator/2.0.5.RELEASE/7daa40cc91678aee37009b595c4cee4b05de3d68/spring-boot-actuator-2.0.5.RELEASE.jar:/Users/gina/.gradle/caches/modules-2/files-2.1/org.springframework.boot/spring-boot/2.0.5.RELEASE/19a4624cbd89a318d10c79f289c6c816043850fb/spring-boot-2.0.5.RELEASE.jar:/Users/gina/.gradle/caches/modules-2/files-2.1/org.springframework/spring-context/5.0.9.RELEASE/2501e55acb6c2e84667cda3f845d1d00a0dc4e05/spring-context-5.0.9.RELEASE.jar:/Users/gina/.gradle/caches/modules-2/files-2.1/org.springframework/spring-expression/5.0.9.RELEASE/1f9db5ff3a758102c0434cc3457aa47c50c39a4a/spring-expression-5.0.9.RELEASE.jar:/Users/gina/.gradle/caches/modules-2/files-2.1/org.springframework/spring-orm/5.0.9.RELEASE/bb9265effd7c903f4cc1c98d16b4188b7827a1cc/spring-orm-5.0.9.RELEASE.jar:/Users/gina/.gradle/caches/modules-2/files-2.1/org.springframework/spring-jdbc/5.0.9.RELEASE/2f38726ef2f5ecb72af7e915dac43177b01a8f53/spring-jdbc-5.0.9.RELEASE.jar:/Users/gina/.gradle/caches/modules-2/files-2.1/org.springframework.data/spring-data-commons/2.0.10.RELEASE/64d4e58a2b16b9446d51a2650058d821a5bce98d/spring-data-commons-2.0.10.RELEASE.jar:/Users/gina/.gradle/caches/modules-2/files-2.1/org.springframework/spring-tx/5.0.9.RELEASE/d3a13fc3c56bdddd8144a686ed64f0cdb3ad7305/spring-tx-5.0.9.RELEASE.jar:/Users/gina/.gradle/caches/modules-2/files-2.1/org.springframework/spring-aop/5.0.9.RELEASE/98003b099697fe46b6bdf18c7e3f66d7a1381060/spring-aop-5.0.9.RELEASE.jar:/Users/gina/.gradle/caches/modules-2/files-2.1/org.springframework/spring-beans/5.0.9.RELEASE/65f56fdab1bb90ad059e314d2f2f4cf76f9bdbde/spring-beans-5.0.9.RELEASE.jar:/Users/gina/.gradle/caches/modules-2/files-2.1/org.springframework/spring-core/5.0.9.RELEASE/9f9a828936d81afd49a603bda9cc1aed863a0d85/spring-core-5.0.9.RELEASE.jar:/Users/gina/.gradle/caches/modules-2/files-2.1/org.xmlunit/xmlunit-core/2.5.1/4ffdb346572a7356f7521cd3119ce5287d2e339d/xmlunit-core-2.5.1.jar:/Users/gina/.gradle/caches/modules-2/files-2.1/org.springframework.boot/spring-boot-starter-logging/2.0.5.RELEASE/c353e0b9591d0765c687ff0a678478cbebfd5c23/spring-boot-starter-logging-2.0.5.RELEASE.jar:/Users/gina/.gradle/caches/modules-2/files-2.1/javax.annotation/javax.annotation-api/1.3.2/934c04d3cfef185a8008e7bf34331b79730a9d43/javax.annotation-api-1.3.2.jar:/Users/gina/.gradle/caches/modules-2/files-2.1/org.yaml/snakeyaml/1.19/2d998d3d674b172a588e54ab619854d073f555b5/snakeyaml-1.19.jar:/Users/gina/.gradle/caches/modules-2/files-2.1/com.fasterxml.jackson.datatype/jackson-datatype-jdk8/2.9.6/456895fc91bf7180b216fead220373e6278230c9/jackson-datatype-jdk8-2.9.6.jar:/Users/gina/.gradle/caches/modules-2/files-2.1/com.fasterxml.jackson.datatype/jackson-datatype-jsr310/2.9.6/ea54f6193d224e5e5732bbd4262327eb465397c2/jackson-datatype-jsr310-2.9.6.jar:/Users/gina/.gradle/caches/modules-2/files-2.1/com.fasterxml.jackson.module/jackson-module-parameter-names/2.9.6/129acd77a4b6ee30d62d3a0899b1344c8ec2bff8/jackson-module-parameter-names-2.9.6.jar:/Users/gina/.gradle/caches/modules-2/files-2.1/com.fasterxml.jackson.core/jackson-databind/2.9.6/cfa4f316351a91bfd95cb0644c6a2c95f52db1fc/jackson-databind-2.9.6.jar:/Users/gina/.gradle/caches/modules-2/files-2.1/org.apache.tomcat.embed/tomcat-embed-websocket/8.5.34/5f86906367c2540b21e6aeecc277d2ce9ec939b0/tomcat-embed-websocket-8.5.34.jar:/Users/gina/.gradle/caches/modules-2/files-2.1/org.apache.tomcat.embed/tomcat-embed-core/8.5.34/a038040d68a90397f95dd1e11b979fe364a5000f/tomcat-embed-core-8.5.34.jar:/Users/gina/.gradle/caches/modules-2/files-2.1/org.apache.tomcat.embed/tomcat-embed-el/8.5.34/be71a9a5bdd001db7cf97c47429eec0bdd3b7b88/tomcat-embed-el-8.5.34.jar:/Users/gina/.gradle/caches/modules-2/files-2.1/javax.validation/validation-api/2.0.1.Final/cb855558e6271b1b32e716d24cb85c7f583ce09e/validation-api-2.0.1.Final.jar:/Users/gina/.gradle/caches/modules-2/files-2.1/org.hibernate.common/hibernate-commons-annotations/5.0.1.Final/71e1cff3fcb20d3b3af4f3363c3ddb24d33c6879/hibernate-commons-annotations-5.0.1.Final.jar:/Users/gina/.gradle/caches/modules-2/files-2.1/org.jboss.logging/jboss-logging/3.3.2.Final/3789d00e859632e6c6206adc0c71625559e6e3b0/jboss-logging-3.3.2.Final.jar:/Users/gina/.gradle/caches/modules-2/files-2.1/com.fasterxml/classmate/1.3.4/3d5f48f10bbe4eb7bd862f10c0583be2e0053c6/classmate-1.3.4.jar:/Users/gina/.gradle/caches/modules-2/files-2.1/org.aspectj/aspectjweaver/1.8.13/ad94df2a28d658a40dc27bbaff6a1ce5fbf04e9b/aspectjweaver-1.8.13.jar:/Users/gina/.gradle/caches/modules-2/files-2.1/com.zaxxer/HikariCP/2.7.9/a83113d2c091d0d0f853dad3217bd7df3beb6ae3/HikariCP-2.7.9.jar:/Users/gina/.gradle/caches/modules-2/files-2.1/org.hibernate.javax.persistence/hibernate-jpa-2.1-api/1.0.2.Final/52afb5762c704a6b586e27742470c08f91877fc1/hibernate-jpa-2.1-api-1.0.2.Final.jar:/Users/gina/.gradle/caches/modules-2/files-2.1/antlr/antlr/2.7.7/83cd2cd674a217ade95a4bb83a8a14f351f48bd0/antlr-2.7.7.jar:/Users/gina/.gradle/caches/modules-2/files-2.1/org.jboss/jandex/2.0.3.Final/bfc4d6257dbff7a33a357f0de116be6ff951d849/jandex-2.0.3.Final.jar:/Users/gina/.gradle/caches/modules-2/files-2.1/dom4j/dom4j/1.6.1/5d3ccc056b6f056dbf0dddfdf43894b9065a8f94/dom4j-1.6.1.jar:/Users/gina/.gradle/caches/modules-2/files-2.1/org.thymeleaf/thymeleaf/3.0.9.RELEASE/64185cca50ac808ad034841c84b4013f955465d2/thymeleaf-3.0.9.RELEASE.jar:/Users/gina/.gradle/caches/modules-2/files-2.1/ch.qos.logback/logback-classic/1.2.3/7c4f3c474fb2c041d8028740440937705ebb473a/logback-classic-1.2.3.jar:/Users/gina/.gradle/caches/modules-2/files-2.1/org.apache.logging.log4j/log4j-to-slf4j/2.10.0/f7e631ccf49cfc0aefa4a2a728da7d374c05bd3c/log4j-to-slf4j-2.10.0.jar:/Users/gina/.gradle/caches/modules-2/files-2.1/org.slf4j/jul-to-slf4j/1.7.25/af5364cd6679bfffb114f0dec8a157aaa283b76/jul-to-slf4j-1.7.25.jar:/Users/gina/.gradle/caches/modules-2/files-2.1/org.slf4j/slf4j-api/1.7.25/da76ca59f6a57ee3102f8f9bd9cee742973efa8a/slf4j-api-1.7.25.jar:/Users/gina/.gradle/caches/modules-2/files-2.1/org.hdrhistogram/HdrHistogram/2.1.10/9e1ac84eed220281841b75e72fb9de5a297fbf04/HdrHistogram-2.1.10.jar:/Users/gina/.gradle/caches/modules-2/files-2.1/org.latencyutils/LatencyUtils/2.0.3/769c0b82cb2421c8256300e907298a9410a2a3d3/LatencyUtils-2.0.3.jar:/Users/gina/.gradle/caches/modules-2/files-2.1/net.minidev/json-smart/2.3/7396407491352ce4fa30de92efb158adb76b5b/json-smart-2.3.jar:/Users/gina/.gradle/caches/modules-2/files-2.1/net.bytebuddy/byte-buddy/1.7.11/f02857a4e2c66ccbe7aaad6100a0a6c461bce9b3/byte-buddy-1.7.11.jar:/Users/gina/.gradle/caches/modules-2/files-2.1/net.bytebuddy/byte-buddy-agent/1.7.11/b425a8933ca07edd03c6dbc8bc3b595fba9780de/byte-buddy-agent-1.7.11.jar:/Users/gina/.gradle/caches/modules-2/files-2.1/org.objenesis/objenesis/2.6/639033469776fd37c08358c6b92a4761feb2af4b/objenesis-2.6.jar:/Users/gina/.gradle/caches/modules-2/files-2.1/com.vaadin.external.google/android-json/0.0.20131108.vaadin1/fa26d351fe62a6a17f5cda1287c1c6110dec413f/android-json-0.0.20131108.vaadin1.jar:/Users/gina/.gradle/caches/modules-2/files-2.1/org.springframework/spring-jcl/5.0.9.RELEASE/bc3b5aaae53f0bc03647e53ecbd98a05b47a4e90/spring-jcl-5.0.9.RELEASE.jar:/Users/gina/.gradle/caches/modules-2/files-2.1/com.fasterxml.jackson.core/jackson-annotations/2.9.0/7c10d545325e3a6e72e06381afe469fd40eb701/jackson-annotations-2.9.0.jar:/Users/gina/.gradle/caches/modules-2/files-2.1/com.fasterxml.jackson.core/jackson-core/2.9.6/4e393793c37c77e042ccc7be5a914ae39251b365/jackson-core-2.9.6.jar:/Users/gina/.gradle/caches/modules-2/files-2.1/org.attoparser/attoparser/2.0.4.RELEASE/5cf02c4d8303a81f0c80971bb1dcd40d3ba96009/attoparser-2.0.4.RELEASE.jar:/Users/gina/.gradle/caches/modules-2/files-2.1/org.unbescape/unbescape/1.1.5.RELEASE/46dc644ea9c234317d926ebac5bf5d8f114dc1ba/unbescape-1.1.5.RELEASE.jar:/Users/gina/.gradle/caches/modules-2/files-2.1/net.minidev/accessors-smart/1.2/c592b500269bfde36096641b01238a8350f8aa31/accessors-smart-1.2.jar:/Users/gina/.gradle/caches/modules-2/files-2.1/ch.qos.logback/logback-core/1.2.3/864344400c3d4d92dfeb0a305dc87d953677c03c/logback-core-1.2.3.jar:/Users/gina/.gradle/caches/modules-2/files-2.1/org.apache.logging.log4j/log4j-api/2.10.0/fec5797a55b786184a537abd39c3fa1449d752d6/log4j-api-2.10.0.jar:/Users/gina/.gradle/caches/modules-2/files-2.1/org.ow2.asm/asm/5.0.4/da08b8cce7bbf903602a25a3a163ae252435795/asm-5.0.4.jar, java.vm.vendor=Oracle Corporation, sun.arch.data.model=64, user.variant=, java.vendor.url=http://java.oracle.com/, user.timezone=America/New_York, os.name=Mac OS X, java.vm.specification.version=11, user.country=US, sun.java.launcher=SUN_STANDARD, sun.boot.library.path=/Library/Java/JavaVirtualMachines/jdk-11.0.1.jdk/Contents/Home/lib, sun.java.command=worker.org.gradle.process.internal.worker.GradleWorkerMain 'Gradle Test Executor 2', http.nonProxyHosts=local|*.local|169.254/16|*.169.254/16, jdk.debug=release, sun.cpu.endian=little, user.home=/Users/gina, user.language=en, java.specification.vendor=Oracle Corporation, org.gradle.native=false, java.version.date=2018-10-16, java.home=/Library/Java/JavaVirtualMachines/jdk-11.0.1.jdk/Contents/Home, file.separator=/, java.vm.compressedOopsMode=Zero based, line.separator=
, java.specification.name=Java Platform API Specification, java.vm.specification.vendor=Oracle Corporation, java.awt.graphicsenv=sun.awt.CGraphicsEnvironment, sun.management.compiler=HotSpot 64-Bit Tiered Compilers, ftp.nonProxyHosts=local|*.local|169.254/16|*.169.254/16, java.runtime.version=11.0.1+13-LTS, user.name=gina, path.separator=:, os.version=10.13.4, java.runtime.name=Java(TM) SE Runtime Environment, file.encoding=UTF-8, java.vm.name=Java HotSpot(TM) 64-Bit Server VM, java.vendor.version=18.9, java.vendor.url.bug=http://bugreport.java.com/bugreport/, java.io.tmpdir=/var/folders/54/7grbv6dj74ngt4j5lrd4km0m0000gn/T/, java.version=11.0.1, user.dir=/Users/gina/workspace/gina, os.arch=x86_64, java.vm.specification.name=Java Virtual Machine Specification, java.awt.printerjob=sun.lwawt.macosx.CPrinterJob, sun.os.patch.level=unknown, java.library.path=/Users/gina/Library/Java/Extensions:/Library/Java/Extensions:/Network/Library/Java/Extensions:/System/Library/Java/Extensions:/usr/lib/java:., java.vendor=Oracle Corporation, java.vm.info=mixed mode, java.vm.version=11.0.1+13-LTS, sun.io.unicode.encoding=UnicodeBig, java.class.version=55.0, socksNonProxyHosts=local|*.local|169.254/16|*.169.254/16}}, SystemEnvironmentPropertySource@749181413 {name='systemEnvironment', properties={PATH=/usr/local/bin:/usr/bin:/bin:/usr/sbin:/sbin, JAVA_ARCH=x86_64, TERM=xterm-256color, LANG=en_US.UTF-8, ITERM_SESSION_ID=w0t1p0:716E7F2D-7835-4EBD-8FEA-9FF7B11813D4, COLORTERM=truecolor, LOGNAME=gina, JAVA_MAIN_CLASS_34113=org.gradle.wrapper.GradleWrapperMain, XPC_SERVICE_NAME=0, PWD=/Users/gina/workspace/gina, TERM_PROGRAM_VERSION=3.2.6, SHELL=/bin/zsh, TERM_PROGRAM=iTerm.app, PAGER=less, LSCOLORS=Gxfxcxdxbxegedabagacad, OLDPWD=/Users/gina/workspace/gina, APP_NAME_34113=Gradle, USER=gina, APP_ICON_34113=/Users/gina/workspace/gina/media/gradle.icns, ZSH=/Users/gina/.oh-my-zsh, ITERM_PROFILE=Default, TMPDIR=/var/folders/54/7grbv6dj74ngt4j5lrd4km0m0000gn/T/, SSH_AUTH_SOCK=/private/tmp/com.apple.launchd.4UumkFLeIK/Listeners, XPC_FLAGS=0x0, TERM_SESSION_ID=w0t1p0:716E7F2D-7835-4EBD-8FEA-9FF7B11813D4, __CF_USER_TEXT_ENCODING=0x1F5:0x0:0x0, Apple_PubSub_Socket_Render=/private/tmp/com.apple.launchd.8N1tpsS3Ee/Render, com.apple.java.jvmTask=CommandLine, LESS=-R, LC_CTYPE=en_US.UTF-8, COLORFGBG=7;0, JAVA_MAIN_CLASS_34124=worker.org.gradle.process.internal.worker.GradleWorkerMain, HOME=/Users/gina, SHLVL=1}}]
10:55:52.408 [Test worker] DEBUG org.springframework.core.io.support.PathMatchingResourcePatternResolver - Resolved classpath location [hello/] to resources [URL [file:/Users/gina/workspace/gina/build/classes/java/test/hello/], URL [file:/Users/gina/workspace/gina/build/classes/java/main/hello/]]
10:55:52.409 [Test worker] DEBUG org.springframework.core.io.support.PathMatchingResourcePatternResolver - Looking for matching resources in directory tree [/Users/gina/workspace/gina/build/classes/java/test/hello]
10:55:52.409 [Test worker] DEBUG org.springframework.core.io.support.PathMatchingResourcePatternResolver - Searching directory [/Users/gina/workspace/gina/build/classes/java/test/hello] for files matching pattern [/Users/gina/workspace/gina/build/classes/java/test/hello/*.class]
10:55:52.415 [Test worker] DEBUG org.springframework.core.io.support.PathMatchingResourcePatternResolver - Looking for matching resources in directory tree [/Users/gina/workspace/gina/build/classes/java/main/hello]
10:55:52.415 [Test worker] DEBUG org.springframework.core.io.support.PathMatchingResourcePatternResolver - Searching directory [/Users/gina/workspace/gina/build/classes/java/main/hello] for files matching pattern [/Users/gina/workspace/gina/build/classes/java/main/hello/*.class]
10:55:52.416 [Test worker] DEBUG org.springframework.core.io.support.PathMatchingResourcePatternResolver - Resolved location pattern [classpath*:hello/*.class] to resources [file [/Users/gina/workspace/gina/build/classes/java/test/hello/ApplicationTest.class], file [/Users/gina/workspace/gina/build/classes/java/test/hello/HttpRequestTest.class], file [/Users/gina/workspace/gina/build/classes/java/test/hello/UserRepositoryTest.class], file [/Users/gina/workspace/gina/build/classes/java/test/hello/UserRestControllerTest.class], file [/Users/gina/workspace/gina/build/classes/java/main/hello/Application.class], file [/Users/gina/workspace/gina/build/classes/java/main/hello/User.class], file [/Users/gina/workspace/gina/build/classes/java/main/hello/UserRepository.class], file [/Users/gina/workspace/gina/build/classes/java/main/hello/UserRestController.class]]
10:55:52.524 [Test worker] DEBUG org.springframework.context.annotation.ClassPathScanningCandidateComponentProvider - Identified candidate component class: file [/Users/gina/workspace/gina/build/classes/java/main/hello/Application.class]
10:55:52.536 [Test worker] INFO org.springframework.boot.test.context.SpringBootTestContextBootstrapper - Found @SpringBootConfiguration hello.Application for test class hello.HttpRequestTest
10:55:52.718 [Test worker] DEBUG org.springframework.boot.test.context.SpringBootTestContextBootstrapper - @TestExecutionListeners is not present for class [hello.HttpRequestTest]: using defaults.
10:55:52.719 [Test worker] INFO org.springframework.boot.test.context.SpringBootTestContextBootstrapper - Loaded default TestExecutionListener class names from location [META-INF/spring.factories]: [org.springframework.boot.test.autoconfigure.restdocs.RestDocsTestExecutionListener, org.springframework.boot.test.autoconfigure.web.client.MockRestServiceServerResetTestExecutionListener, org.springframework.boot.test.autoconfigure.web.servlet.MockMvcPrintOnlyOnFailureTestExecutionListener, org.springframework.boot.test.autoconfigure.web.servlet.WebDriverTestExecutionListener, org.springframework.boot.test.mock.mockito.MockitoTestExecutionListener, org.springframework.boot.test.mock.mockito.ResetMocksTestExecutionListener, org.springframework.test.context.web.ServletTestExecutionListener, org.springframework.test.context.support.DirtiesContextBeforeModesTestExecutionListener, org.springframework.test.context.support.DependencyInjectionTestExecutionListener, org.springframework.test.context.support.DirtiesContextTestExecutionListener, org.springframework.test.context.transaction.TransactionalTestExecutionListener, org.springframework.test.context.jdbc.SqlScriptsTestExecutionListener]
10:55:52.737 [Test worker] INFO org.springframework.boot.test.context.SpringBootTestContextBootstrapper - Using TestExecutionListeners: [org.springframework.test.context.web.ServletTestExecutionListener@38c3b69e, org.springframework.test.context.support.DirtiesContextBeforeModesTestExecutionListener@407f3014, org.springframework.boot.test.mock.mockito.MockitoTestExecutionListener@78c8b22e, org.springframework.boot.test.autoconfigure.SpringBootDependencyInjectionTestExecutionListener@52771b49, org.springframework.test.context.support.DirtiesContextTestExecutionListener@772530df, org.springframework.test.context.transaction.TransactionalTestExecutionListener@4ee341bf, org.springframework.test.context.jdbc.SqlScriptsTestExecutionListener@7307c38f, org.springframework.boot.test.autoconfigure.restdocs.RestDocsTestExecutionListener@19c033f5, org.springframework.boot.test.autoconfigure.web.client.MockRestServiceServerResetTestExecutionListener@47bd5bda, org.springframework.boot.test.autoconfigure.web.servlet.MockMvcPrintOnlyOnFailureTestExecutionListener@1387142b, org.springframework.boot.test.autoconfigure.web.servlet.WebDriverTestExecutionListener@5ed1b66f, org.springframework.boot.test.mock.mockito.ResetMocksTestExecutionListener@469679db]
10:55:52.741 [Test worker] DEBUG org.springframework.test.annotation.ProfileValueUtils - Retrieved @ProfileValueSourceConfiguration [null] for test class [hello.HttpRequestTest]
10:55:52.741 [Test worker] DEBUG org.springframework.test.annotation.ProfileValueUtils - Retrieved ProfileValueSource type [class org.springframework.test.annotation.SystemProfileValueSource] for class [hello.HttpRequestTest]
10:55:52.742 [Test worker] DEBUG org.springframework.test.annotation.ProfileValueUtils - Retrieved @ProfileValueSourceConfiguration [null] for test class [hello.HttpRequestTest]
10:55:52.742 [Test worker] DEBUG org.springframework.test.annotation.ProfileValueUtils - Retrieved ProfileValueSource type [class org.springframework.test.annotation.SystemProfileValueSource] for class [hello.HttpRequestTest]
10:55:52.748 [Test worker] DEBUG org.springframework.test.context.support.AbstractDirtiesContextTestExecutionListener - Before test class: context [DefaultTestContext@8226d6b testClass = HttpRequestTest, testInstance = [null], testMethod = [null], testException = [null], mergedContextConfiguration = [WebMergedContextConfiguration@2fe7263a testClass = HttpRequestTest, locations = '{}', classes = '{class hello.Application}', contextInitializerClasses = '[]', activeProfiles = '{}', propertySourceLocations = '{}', propertySourceProperties = '{org.springframework.boot.test.context.SpringBootTestContextBootstrapper=true, server.port=0}', contextCustomizers = set[org.springframework.boot.test.autoconfigure.properties.PropertyMappingContextCustomizer@0, org.springframework.boot.test.autoconfigure.web.servlet.WebDriverContextCustomizerFactory$Customizer@6474e6d8, org.springframework.boot.test.context.filter.ExcludeFilterContextCustomizer@4c782aee, org.springframework.boot.test.json.DuplicateJsonObjectContextCustomizerFactory$DuplicateJsonObjectContextCustomizer@26ac01d6, org.springframework.boot.test.mock.mockito.MockitoContextCustomizer@0, org.springframework.boot.test.web.client.TestRestTemplateContextCustomizer@72d03b56], resourceBasePath = 'src/main/webapp', contextLoader = 'org.springframework.boot.test.context.SpringBootContextLoader', parent = [null]], attributes = map['org.springframework.test.context.web.ServletTestExecutionListener.activateListener' -> false]], class annotated with @DirtiesContext [false] with mode [null].
10:55:52.749 [Test worker] DEBUG org.springframework.test.annotation.ProfileValueUtils - Retrieved @ProfileValueSourceConfiguration [null] for test class [hello.HttpRequestTest]
10:55:52.749 [Test worker] DEBUG org.springframework.test.annotation.ProfileValueUtils - Retrieved ProfileValueSource type [class org.springframework.test.annotation.SystemProfileValueSource] for class [hello.HttpRequestTest]
10:55:52.755 [Test worker] DEBUG org.springframework.test.context.support.DependencyInjectionTestExecutionListener - Performing dependency injection for test context [[DefaultTestContext@8226d6b testClass = HttpRequestTest, testInstance = hello.HttpRequestTest@1b12a072, testMethod = [null], testException = [null], mergedContextConfiguration = [WebMergedContextConfiguration@2fe7263a testClass = HttpRequestTest, locations = '{}', classes = '{class hello.Application}', contextInitializerClasses = '[]', activeProfiles = '{}', propertySourceLocations = '{}', propertySourceProperties = '{org.springframework.boot.test.context.SpringBootTestContextBootstrapper=true, server.port=0}', contextCustomizers = set[org.springframework.boot.test.autoconfigure.properties.PropertyMappingContextCustomizer@0, org.springframework.boot.test.autoconfigure.web.servlet.WebDriverContextCustomizerFactory$Customizer@6474e6d8, org.springframework.boot.test.context.filter.ExcludeFilterContextCustomizer@4c782aee, org.springframework.boot.test.json.DuplicateJsonObjectContextCustomizerFactory$DuplicateJsonObjectContextCustomizer@26ac01d6, org.springframework.boot.test.mock.mockito.MockitoContextCustomizer@0, org.springframework.boot.test.web.client.TestRestTemplateContextCustomizer@72d03b56], resourceBasePath = 'src/main/webapp', contextLoader = 'org.springframework.boot.test.context.SpringBootContextLoader', parent = [null]], attributes = map['org.springframework.test.context.web.ServletTestExecutionListener.activateListener' -> false]]].
10:55:52.773 [Test worker] DEBUG org.springframework.core.env.StandardEnvironment - Adding PropertySource 'systemProperties' with lowest search precedence
10:55:52.773 [Test worker] DEBUG org.springframework.core.env.StandardEnvironment - Adding PropertySource 'systemEnvironment' with lowest search precedence
10:55:52.774 [Test worker] DEBUG org.springframework.core.env.StandardEnvironment - Initialized StandardEnvironment with PropertySources [MapPropertySource@1989981556 {name='systemProperties', properties={gopherProxySet=false, awt.toolkit=sun.lwawt.macosx.LWCToolkit, java.specification.version=11, sun.cpu.isalist=, sun.jnu.encoding=UTF-8, org.gradle.test.worker=2, java.class.path=/Users/gina/.gradle/caches/5.0/workerMain/gradle-worker.jar:/Users/gina/workspace/gina/build/classes/java/test:/Users/gina/workspace/gina/build/resources/test:/Users/gina/workspace/gina/build/classes/java/main:/Users/gina/workspace/gina/build/resources/main:/Users/gina/.gradle/caches/modules-2/files-2.1/org.springframework.boot/spring-boot-starter-web/2.0.5.RELEASE/52daa1f1509bd637a737206e54c06a17aabb9504/spring-boot-starter-web-2.0.5.RELEASE.jar:/Users/gina/.gradle/caches/modules-2/files-2.1/org.springframework.boot/spring-boot-starter-data-jpa/2.0.5.RELEASE/c99b58e8ada11478aa5d0c3065745b7e887f094e/spring-boot-starter-data-jpa-2.0.5.RELEASE.jar:/Users/gina/.gradle/caches/modules-2/files-2.1/org.springframework.boot/spring-boot-starter-actuator/2.0.5.RELEASE/d5153c71f55aa39593fb6295790aad7cd81ef296/spring-boot-starter-actuator-2.0.5.RELEASE.jar:/Users/gina/.gradle/caches/modules-2/files-2.1/org.springframework.boot/spring-boot-starter-thymeleaf/2.0.5.RELEASE/711c936b0e73d40cde44b68deeed7e5a879b7974/spring-boot-starter-thymeleaf-2.0.5.RELEASE.jar:/Users/gina/.gradle/caches/modules-2/files-2.1/javax.xml.bind/jaxb-api/2.3.0/99f802e0cb3e953ba3d6e698795c4aeb98d37c48/jaxb-api-2.3.0.jar:/Users/gina/.gradle/caches/modules-2/files-2.1/com.h2database/h2/1.4.197/bb391050048ca8ae3e32451b5a3714ecd3596a46/h2-1.4.197.jar:/Users/gina/.gradle/caches/modules-2/files-2.1/org.hibernate/hibernate-core/5.2.17.Final/f2dc36470e7a2ffcf6106bb1625ecf5b54bb5f65/hibernate-core-5.2.17.Final.jar:/Users/gina/.gradle/caches/modules-2/files-2.1/org.javassist/javassist/3.23.1-GA/c072c13dcb7f705471c40bafb1536171df850ab2/javassist-3.23.1-GA.jar:/Users/gina/.gradle/caches/modules-2/files-2.1/org.springframework.boot/spring-boot-starter-test/2.0.5.RELEASE/ab04ca2e76f6a8e786001352a81a10e4b0e7fbc8/spring-boot-starter-test-2.0.5.RELEASE.jar:/Users/gina/.gradle/caches/modules-2/files-2.1/junit/junit/4.12/2973d150c0dc1fefe998f834810d68f278ea58ec/junit-4.12.jar:/Users/gina/.gradle/caches/modules-2/files-2.1/org.springframework.boot/spring-boot-starter-json/2.0.5.RELEASE/d0052ded4733ceb1fb7d927238f22f9a92099227/spring-boot-starter-json-2.0.5.RELEASE.jar:/Users/gina/.gradle/caches/modules-2/files-2.1/org.springframework.boot/spring-boot-starter-aop/2.0.5.RELEASE/6bc1e8bcc849772d48cae1e8278cd2b471361698/spring-boot-starter-aop-2.0.5.RELEASE.jar:/Users/gina/.gradle/caches/modules-2/files-2.1/org.springframework.boot/spring-boot-starter-jdbc/2.0.5.RELEASE/9a5370acc7c5e17f4a00578211fbbd212b9a8329/spring-boot-starter-jdbc-2.0.5.RELEASE.jar:/Users/gina/.gradle/caches/modules-2/files-2.1/org.springframework.boot/spring-boot-starter/2.0.5.RELEASE/1f53487a373be18d064a5815e9bac9882ef15cdc/spring-boot-starter-2.0.5.RELEASE.jar:/Users/gina/.gradle/caches/modules-2/files-2.1/org.springframework.boot/spring-boot-starter-tomcat/2.0.5.RELEASE/eaac8a5d73b45400bc88cd7f6b5c99b5f0d5e9b7/spring-boot-starter-tomcat-2.0.5.RELEASE.jar:/Users/gina/.gradle/caches/modules-2/files-2.1/org.hibernate.validator/hibernate-validator/6.0.12.Final/478003e61b056c1f97840ba3e62ff31cdc89597/hibernate-validator-6.0.12.Final.jar:/Users/gina/.gradle/caches/modules-2/files-2.1/org.springframework/spring-webmvc/5.0.9.RELEASE/c18346caaeb8dc648c4cc01874996fd9fef76664/spring-webmvc-5.0.9.RELEASE.jar:/Users/gina/.gradle/caches/modules-2/files-2.1/org.springframework/spring-web/5.0.9.RELEASE/1ea3aab93340849313fa74ec626ddaf1fff9ed8e/spring-web-5.0.9.RELEASE.jar:/Users/gina/.gradle/caches/modules-2/files-2.1/javax.transaction/javax.transaction-api/1.2/d81aff979d603edd90dcd8db2abc1f4ce6479e3e/javax.transaction-api-1.2.jar:/Users/gina/.gradle/caches/modules-2/files-2.1/org.springframework.data/spring-data-jpa/2.0.10.RELEASE/a6e644c363d050c6c90f078f4f0ac66892f60d54/spring-data-jpa-2.0.10.RELEASE.jar:/Users/gina/.gradle/caches/modules-2/files-2.1/org.springframework/spring-aspects/5.0.9.RELEASE/dfb2da4c573391d8e8a482f08bdf4d38398e2bb0/spring-aspects-5.0.9.RELEASE.jar:/Users/gina/.gradle/caches/modules-2/files-2.1/org.springframework.boot/spring-boot-actuator-autoconfigure/2.0.5.RELEASE/b29cda343b80e9294646070a5e0d353c3f9f01d1/spring-boot-actuator-autoconfigure-2.0.5.RELEASE.jar:/Users/gina/.gradle/caches/modules-2/files-2.1/io.micrometer/micrometer-core/1.0.6/50299bc8a34c251d62311bbb1a297f3942a82e42/micrometer-core-1.0.6.jar:/Users/gina/.gradle/caches/modules-2/files-2.1/org.thymeleaf/thymeleaf-spring5/3.0.9.RELEASE/abf84efd83808a70d982d2790f7f3a7bd3a39cf4/thymeleaf-spring5-3.0.9.RELEASE.jar:/Users/gina/.gradle/caches/modules-2/files-2.1/org.thymeleaf.extras/thymeleaf-extras-java8time/3.0.1.RELEASE/d23760d1e53cd70c489ef40dc94ee6bd2371cceb/thymeleaf-extras-java8time-3.0.1.RELEASE.jar:/Users/gina/.gradle/caches/modules-2/files-2.1/org.hamcrest/hamcrest-library/1.3/4785a3c21320980282f9f33d0d1264a69040538f/hamcrest-library-1.3.jar:/Users/gina/.gradle/caches/modules-2/files-2.1/org.hamcrest/hamcrest-core/1.3/42a25dc3219429f0e5d060061f71acb49bf010a0/hamcrest-core-1.3.jar:/Users/gina/.gradle/caches/modules-2/files-2.1/org.springframework.boot/spring-boot-test-autoconfigure/2.0.5.RELEASE/54d5e8f9e88c6236fe164474f0aed5a8a1052c43/spring-boot-test-autoconfigure-2.0.5.RELEASE.jar:/Users/gina/.gradle/caches/modules-2/files-2.1/org.springframework.boot/spring-boot-test/2.0.5.RELEASE/ce6353f33217982357a6bdba6576015ea333304c/spring-boot-test-2.0.5.RELEASE.jar:/Users/gina/.gradle/caches/modules-2/files-2.1/com.jayway.jsonpath/json-path/2.4.0/765a4401ceb2dc8d40553c2075eb80a8fa35c2ae/json-path-2.4.0.jar:/Users/gina/.gradle/caches/modules-2/files-2.1/org.assertj/assertj-core/3.9.1/c5ce126b15f28d56cd8f960c1a6a058b9c9aea87/assertj-core-3.9.1.jar:/Users/gina/.gradle/caches/modules-2/files-2.1/org.mockito/mockito-core/2.15.0/b84bfbbc29cd22c9529409627af6ea2897f4fa85/mockito-core-2.15.0.jar:/Users/gina/.gradle/caches/modules-2/files-2.1/org.skyscreamer/jsonassert/1.5.0/6c9d5fe2f59da598d9aefc1cfc6528ff3cf32df3/jsonassert-1.5.0.jar:/Users/gina/.gradle/caches/modules-2/files-2.1/org.springframework/spring-test/5.0.9.RELEASE/218c8648f898453be92d550252e0ce2a84b54375/spring-test-5.0.9.RELEASE.jar:/Users/gina/.gradle/caches/modules-2/files-2.1/org.springframework.boot/spring-boot-autoconfigure/2.0.5.RELEASE/e5588642799e0c0c04638e255c3d3f31ba400ff4/spring-boot-autoconfigure-2.0.5.RELEASE.jar:/Users/gina/.gradle/caches/modules-2/files-2.1/org.springframework.boot/spring-boot-actuator/2.0.5.RELEASE/7daa40cc91678aee37009b595c4cee4b05de3d68/spring-boot-actuator-2.0.5.RELEASE.jar:/Users/gina/.gradle/caches/modules-2/files-2.1/org.springframework.boot/spring-boot/2.0.5.RELEASE/19a4624cbd89a318d10c79f289c6c816043850fb/spring-boot-2.0.5.RELEASE.jar:/Users/gina/.gradle/caches/modules-2/files-2.1/org.springframework/spring-context/5.0.9.RELEASE/2501e55acb6c2e84667cda3f845d1d00a0dc4e05/spring-context-5.0.9.RELEASE.jar:/Users/gina/.gradle/caches/modules-2/files-2.1/org.springframework/spring-expression/5.0.9.RELEASE/1f9db5ff3a758102c0434cc3457aa47c50c39a4a/spring-expression-5.0.9.RELEASE.jar:/Users/gina/.gradle/caches/modules-2/files-2.1/org.springframework/spring-orm/5.0.9.RELEASE/bb9265effd7c903f4cc1c98d16b4188b7827a1cc/spring-orm-5.0.9.RELEASE.jar:/Users/gina/.gradle/caches/modules-2/files-2.1/org.springframework/spring-jdbc/5.0.9.RELEASE/2f38726ef2f5ecb72af7e915dac43177b01a8f53/spring-jdbc-5.0.9.RELEASE.jar:/Users/gina/.gradle/caches/modules-2/files-2.1/org.springframework.data/spring-data-commons/2.0.10.RELEASE/64d4e58a2b16b9446d51a2650058d821a5bce98d/spring-data-commons-2.0.10.RELEASE.jar:/Users/gina/.gradle/caches/modules-2/files-2.1/org.springframework/spring-tx/5.0.9.RELEASE/d3a13fc3c56bdddd8144a686ed64f0cdb3ad7305/spring-tx-5.0.9.RELEASE.jar:/Users/gina/.gradle/caches/modules-2/files-2.1/org.springframework/spring-aop/5.0.9.RELEASE/98003b099697fe46b6bdf18c7e3f66d7a1381060/spring-aop-5.0.9.RELEASE.jar:/Users/gina/.gradle/caches/modules-2/files-2.1/org.springframework/spring-beans/5.0.9.RELEASE/65f56fdab1bb90ad059e314d2f2f4cf76f9bdbde/spring-beans-5.0.9.RELEASE.jar:/Users/gina/.gradle/caches/modules-2/files-2.1/org.springframework/spring-core/5.0.9.RELEASE/9f9a828936d81afd49a603bda9cc1aed863a0d85/spring-core-5.0.9.RELEASE.jar:/Users/gina/.gradle/caches/modules-2/files-2.1/org.xmlunit/xmlunit-core/2.5.1/4ffdb346572a7356f7521cd3119ce5287d2e339d/xmlunit-core-2.5.1.jar:/Users/gina/.gradle/caches/modules-2/files-2.1/org.springframework.boot/spring-boot-starter-logging/2.0.5.RELEASE/c353e0b9591d0765c687ff0a678478cbebfd5c23/spring-boot-starter-logging-2.0.5.RELEASE.jar:/Users/gina/.gradle/caches/modules-2/files-2.1/javax.annotation/javax.annotation-api/1.3.2/934c04d3cfef185a8008e7bf34331b79730a9d43/javax.annotation-api-1.3.2.jar:/Users/gina/.gradle/caches/modules-2/files-2.1/org.yaml/snakeyaml/1.19/2d998d3d674b172a588e54ab619854d073f555b5/snakeyaml-1.19.jar:/Users/gina/.gradle/caches/modules-2/files-2.1/com.fasterxml.jackson.datatype/jackson-datatype-jdk8/2.9.6/456895fc91bf7180b216fead220373e6278230c9/jackson-datatype-jdk8-2.9.6.jar:/Users/gina/.gradle/caches/modules-2/files-2.1/com.fasterxml.jackson.datatype/jackson-datatype-jsr310/2.9.6/ea54f6193d224e5e5732bbd4262327eb465397c2/jackson-datatype-jsr310-2.9.6.jar:/Users/gina/.gradle/caches/modules-2/files-2.1/com.fasterxml.jackson.module/jackson-module-parameter-names/2.9.6/129acd77a4b6ee30d62d3a0899b1344c8ec2bff8/jackson-module-parameter-names-2.9.6.jar:/Users/gina/.gradle/caches/modules-2/files-2.1/com.fasterxml.jackson.core/jackson-databind/2.9.6/cfa4f316351a91bfd95cb0644c6a2c95f52db1fc/jackson-databind-2.9.6.jar:/Users/gina/.gradle/caches/modules-2/files-2.1/org.apache.tomcat.embed/tomcat-embed-websocket/8.5.34/5f86906367c2540b21e6aeecc277d2ce9ec939b0/tomcat-embed-websocket-8.5.34.jar:/Users/gina/.gradle/caches/modules-2/files-2.1/org.apache.tomcat.embed/tomcat-embed-core/8.5.34/a038040d68a90397f95dd1e11b979fe364a5000f/tomcat-embed-core-8.5.34.jar:/Users/gina/.gradle/caches/modules-2/files-2.1/org.apache.tomcat.embed/tomcat-embed-el/8.5.34/be71a9a5bdd001db7cf97c47429eec0bdd3b7b88/tomcat-embed-el-8.5.34.jar:/Users/gina/.gradle/caches/modules-2/files-2.1/javax.validation/validation-api/2.0.1.Final/cb855558e6271b1b32e716d24cb85c7f583ce09e/validation-api-2.0.1.Final.jar:/Users/gina/.gradle/caches/modules-2/files-2.1/org.hibernate.common/hibernate-commons-annotations/5.0.1.Final/71e1cff3fcb20d3b3af4f3363c3ddb24d33c6879/hibernate-commons-annotations-5.0.1.Final.jar:/Users/gina/.gradle/caches/modules-2/files-2.1/org.jboss.logging/jboss-logging/3.3.2.Final/3789d00e859632e6c6206adc0c71625559e6e3b0/jboss-logging-3.3.2.Final.jar:/Users/gina/.gradle/caches/modules-2/files-2.1/com.fasterxml/classmate/1.3.4/3d5f48f10bbe4eb7bd862f10c0583be2e0053c6/classmate-1.3.4.jar:/Users/gina/.gradle/caches/modules-2/files-2.1/org.aspectj/aspectjweaver/1.8.13/ad94df2a28d658a40dc27bbaff6a1ce5fbf04e9b/aspectjweaver-1.8.13.jar:/Users/gina/.gradle/caches/modules-2/files-2.1/com.zaxxer/HikariCP/2.7.9/a83113d2c091d0d0f853dad3217bd7df3beb6ae3/HikariCP-2.7.9.jar:/Users/gina/.gradle/caches/modules-2/files-2.1/org.hibernate.javax.persistence/hibernate-jpa-2.1-api/1.0.2.Final/52afb5762c704a6b586e27742470c08f91877fc1/hibernate-jpa-2.1-api-1.0.2.Final.jar:/Users/gina/.gradle/caches/modules-2/files-2.1/antlr/antlr/2.7.7/83cd2cd674a217ade95a4bb83a8a14f351f48bd0/antlr-2.7.7.jar:/Users/gina/.gradle/caches/modules-2/files-2.1/org.jboss/jandex/2.0.3.Final/bfc4d6257dbff7a33a357f0de116be6ff951d849/jandex-2.0.3.Final.jar:/Users/gina/.gradle/caches/modules-2/files-2.1/dom4j/dom4j/1.6.1/5d3ccc056b6f056dbf0dddfdf43894b9065a8f94/dom4j-1.6.1.jar:/Users/gina/.gradle/caches/modules-2/files-2.1/org.thymeleaf/thymeleaf/3.0.9.RELEASE/64185cca50ac808ad034841c84b4013f955465d2/thymeleaf-3.0.9.RELEASE.jar:/Users/gina/.gradle/caches/modules-2/files-2.1/ch.qos.logback/logback-classic/1.2.3/7c4f3c474fb2c041d8028740440937705ebb473a/logback-classic-1.2.3.jar:/Users/gina/.gradle/caches/modules-2/files-2.1/org.apache.logging.log4j/log4j-to-slf4j/2.10.0/f7e631ccf49cfc0aefa4a2a728da7d374c05bd3c/log4j-to-slf4j-2.10.0.jar:/Users/gina/.gradle/caches/modules-2/files-2.1/org.slf4j/jul-to-slf4j/1.7.25/af5364cd6679bfffb114f0dec8a157aaa283b76/jul-to-slf4j-1.7.25.jar:/Users/gina/.gradle/caches/modules-2/files-2.1/org.slf4j/slf4j-api/1.7.25/da76ca59f6a57ee3102f8f9bd9cee742973efa8a/slf4j-api-1.7.25.jar:/Users/gina/.gradle/caches/modules-2/files-2.1/org.hdrhistogram/HdrHistogram/2.1.10/9e1ac84eed220281841b75e72fb9de5a297fbf04/HdrHistogram-2.1.10.jar:/Users/gina/.gradle/caches/modules-2/files-2.1/org.latencyutils/LatencyUtils/2.0.3/769c0b82cb2421c8256300e907298a9410a2a3d3/LatencyUtils-2.0.3.jar:/Users/gina/.gradle/caches/modules-2/files-2.1/net.minidev/json-smart/2.3/7396407491352ce4fa30de92efb158adb76b5b/json-smart-2.3.jar:/Users/gina/.gradle/caches/modules-2/files-2.1/net.bytebuddy/byte-buddy/1.7.11/f02857a4e2c66ccbe7aaad6100a0a6c461bce9b3/byte-buddy-1.7.11.jar:/Users/gina/.gradle/caches/modules-2/files-2.1/net.bytebuddy/byte-buddy-agent/1.7.11/b425a8933ca07edd03c6dbc8bc3b595fba9780de/byte-buddy-agent-1.7.11.jar:/Users/gina/.gradle/caches/modules-2/files-2.1/org.objenesis/objenesis/2.6/639033469776fd37c08358c6b92a4761feb2af4b/objenesis-2.6.jar:/Users/gina/.gradle/caches/modules-2/files-2.1/com.vaadin.external.google/android-json/0.0.20131108.vaadin1/fa26d351fe62a6a17f5cda1287c1c6110dec413f/android-json-0.0.20131108.vaadin1.jar:/Users/gina/.gradle/caches/modules-2/files-2.1/org.springframework/spring-jcl/5.0.9.RELEASE/bc3b5aaae53f0bc03647e53ecbd98a05b47a4e90/spring-jcl-5.0.9.RELEASE.jar:/Users/gina/.gradle/caches/modules-2/files-2.1/com.fasterxml.jackson.core/jackson-annotations/2.9.0/7c10d545325e3a6e72e06381afe469fd40eb701/jackson-annotations-2.9.0.jar:/Users/gina/.gradle/caches/modules-2/files-2.1/com.fasterxml.jackson.core/jackson-core/2.9.6/4e393793c37c77e042ccc7be5a914ae39251b365/jackson-core-2.9.6.jar:/Users/gina/.gradle/caches/modules-2/files-2.1/org.attoparser/attoparser/2.0.4.RELEASE/5cf02c4d8303a81f0c80971bb1dcd40d3ba96009/attoparser-2.0.4.RELEASE.jar:/Users/gina/.gradle/caches/modules-2/files-2.1/org.unbescape/unbescape/1.1.5.RELEASE/46dc644ea9c234317d926ebac5bf5d8f114dc1ba/unbescape-1.1.5.RELEASE.jar:/Users/gina/.gradle/caches/modules-2/files-2.1/net.minidev/accessors-smart/1.2/c592b500269bfde36096641b01238a8350f8aa31/accessors-smart-1.2.jar:/Users/gina/.gradle/caches/modules-2/files-2.1/ch.qos.logback/logback-core/1.2.3/864344400c3d4d92dfeb0a305dc87d953677c03c/logback-core-1.2.3.jar:/Users/gina/.gradle/caches/modules-2/files-2.1/org.apache.logging.log4j/log4j-api/2.10.0/fec5797a55b786184a537abd39c3fa1449d752d6/log4j-api-2.10.0.jar:/Users/gina/.gradle/caches/modules-2/files-2.1/org.ow2.asm/asm/5.0.4/da08b8cce7bbf903602a25a3a163ae252435795/asm-5.0.4.jar, java.vm.vendor=Oracle Corporation, sun.arch.data.model=64, user.variant=, java.vendor.url=http://java.oracle.com/, user.timezone=America/New_York, os.name=Mac OS X, java.vm.specification.version=11, user.country=US, sun.java.launcher=SUN_STANDARD, sun.boot.library.path=/Library/Java/JavaVirtualMachines/jdk-11.0.1.jdk/Contents/Home/lib, sun.java.command=worker.org.gradle.process.internal.worker.GradleWorkerMain 'Gradle Test Executor 2', http.nonProxyHosts=local|*.local|169.254/16|*.169.254/16, jdk.debug=release, sun.cpu.endian=little, user.home=/Users/gina, user.language=en, java.specification.vendor=Oracle Corporation, org.gradle.native=false, java.version.date=2018-10-16, java.home=/Library/Java/JavaVirtualMachines/jdk-11.0.1.jdk/Contents/Home, file.separator=/, java.vm.compressedOopsMode=Zero based, line.separator=
, java.specification.name=Java Platform API Specification, java.vm.specification.vendor=Oracle Corporation, java.awt.graphicsenv=sun.awt.CGraphicsEnvironment, sun.management.compiler=HotSpot 64-Bit Tiered Compilers, ftp.nonProxyHosts=local|*.local|169.254/16|*.169.254/16, java.runtime.version=11.0.1+13-LTS, user.name=gina, path.separator=:, os.version=10.13.4, java.runtime.name=Java(TM) SE Runtime Environment, file.encoding=UTF-8, java.vm.name=Java HotSpot(TM) 64-Bit Server VM, java.vendor.version=18.9, java.vendor.url.bug=http://bugreport.java.com/bugreport/, java.io.tmpdir=/var/folders/54/7grbv6dj74ngt4j5lrd4km0m0000gn/T/, java.version=11.0.1, user.dir=/Users/gina/workspace/gina, os.arch=x86_64, java.vm.specification.name=Java Virtual Machine Specification, java.awt.printerjob=sun.lwawt.macosx.CPrinterJob, sun.os.patch.level=unknown, java.library.path=/Users/gina/Library/Java/Extensions:/Library/Java/Extensions:/Network/Library/Java/Extensions:/System/Library/Java/Extensions:/usr/lib/java:., java.vendor=Oracle Corporation, java.vm.info=mixed mode, java.vm.version=11.0.1+13-LTS, sun.io.unicode.encoding=UnicodeBig, java.class.version=55.0, socksNonProxyHosts=local|*.local|169.254/16|*.169.254/16}}, SystemEnvironmentPropertySource@1665802569 {name='systemEnvironment', properties={PATH=/usr/local/bin:/usr/bin:/bin:/usr/sbin:/sbin, JAVA_ARCH=x86_64, TERM=xterm-256color, LANG=en_US.UTF-8, ITERM_SESSION_ID=w0t1p0:716E7F2D-7835-4EBD-8FEA-9FF7B11813D4, COLORTERM=truecolor, LOGNAME=gina, JAVA_MAIN_CLASS_34113=org.gradle.wrapper.GradleWrapperMain, XPC_SERVICE_NAME=0, PWD=/Users/gina/workspace/gina, TERM_PROGRAM_VERSION=3.2.6, SHELL=/bin/zsh, TERM_PROGRAM=iTerm.app, PAGER=less, LSCOLORS=Gxfxcxdxbxegedabagacad, OLDPWD=/Users/gina/workspace/gina, APP_NAME_34113=Gradle, USER=gina, APP_ICON_34113=/Users/gina/workspace/gina/media/gradle.icns, ZSH=/Users/gina/.oh-my-zsh, ITERM_PROFILE=Default, TMPDIR=/var/folders/54/7grbv6dj74ngt4j5lrd4km0m0000gn/T/, SSH_AUTH_SOCK=/private/tmp/com.apple.launchd.4UumkFLeIK/Listeners, XPC_FLAGS=0x0, TERM_SESSION_ID=w0t1p0:716E7F2D-7835-4EBD-8FEA-9FF7B11813D4, __CF_USER_TEXT_ENCODING=0x1F5:0x0:0x0, Apple_PubSub_Socket_Render=/private/tmp/com.apple.launchd.8N1tpsS3Ee/Render, com.apple.java.jvmTask=CommandLine, LESS=-R, LC_CTYPE=en_US.UTF-8, COLORFGBG=7;0, JAVA_MAIN_CLASS_34124=worker.org.gradle.process.internal.worker.GradleWorkerMain, HOME=/Users/gina, SHLVL=1}}]
10:55:52.776 [Test worker] DEBUG org.springframework.test.context.support.TestPropertySourceUtils - Adding inlined properties to environment: {spring.jmx.enabled=false, org.springframework.boot.test.context.SpringBootTestContextBootstrapper=true, server.port=0}
10:55:52.777 [Test worker] DEBUG org.springframework.core.env.StandardEnvironment - Adding PropertySource 'Inlined Test Properties' with highest search precedence

  .   ____          _            __ _ _
 /\\ / ___'_ __ _ _(_)_ __  __ _ \ \ \ \
( ( )\___ | '_ | '_| | '_ \/ _` | \ \ \ \
 \\/  ___)| |_)| | | | | || (_| |  ) ) ) )
  '  |____| .__|_| |_|_| |_\__, | / / / /
 =========|_|==============|___/=/_/_/_/
 :: Spring Boot ::        (v2.0.5.RELEASE)

2019-01-02 10:55:53.298  INFO 34124 --- [    Test worker] hello.HttpRequestTest                    : Starting HttpRequestTest on Ginas-MacBook-Pro.local with PID 34124 (started by gina in /Users/gina/workspace/gina)
2019-01-02 10:55:53.301  INFO 34124 --- [    Test worker] hello.HttpRequestTest                    : No active profile set, falling back to default profiles: default
2019-01-02 10:55:53.338  INFO 34124 --- [    Test worker] ConfigServletWebServerApplicationContext : Refreshing org.springframework.boot.web.servlet.context.AnnotationConfigServletWebServerApplicationContext@44598d44: startup date [Wed Jan 02 10:55:53 EST 2019]; root of context hierarchy
2019-01-02 10:55:55.188  INFO 34124 --- [    Test worker] trationDelegate$BeanPostProcessorChecker : Bean 'org.springframework.transaction.annotation.ProxyTransactionManagementConfiguration' of type [org.springframework.transaction.annotation.ProxyTransactionManagementConfiguration$$EnhancerBySpringCGLIB$$8084ab1c] is not eligible for getting processed by all BeanPostProcessors (for example: not eligible for auto-proxying)
2019-01-02 10:55:55.686  INFO 34124 --- [    Test worker] o.s.b.w.embedded.tomcat.TomcatWebServer  : Tomcat initialized with port(s): 0 (http)
2019-01-02 10:55:55.718  INFO 34124 --- [    Test worker] o.apache.catalina.core.StandardService   : Starting service [Tomcat]
2019-01-02 10:55:55.719  INFO 34124 --- [    Test worker] org.apache.catalina.core.StandardEngine  : Starting Servlet Engine: Apache Tomcat/8.5.34
2019-01-02 10:55:55.729  INFO 34124 --- [ost-startStop-1] o.a.catalina.core.AprLifecycleListener   : The APR based Apache Tomcat Native library which allows optimal performance in production environments was not found on the java.library.path: [/Users/gina/Library/Java/Extensions:/Library/Java/Extensions:/Network/Library/Java/Extensions:/System/Library/Java/Extensions:/usr/lib/java:.]
2019-01-02 10:55:55.856  INFO 34124 --- [ost-startStop-1] o.a.c.c.C.[Tomcat].[localhost].[/]       : Initializing Spring embedded WebApplicationContext
2019-01-02 10:55:55.856  INFO 34124 --- [ost-startStop-1] o.s.web.context.ContextLoader            : Root WebApplicationContext: initialization completed in 2533 ms
2019-01-02 10:55:56.447  INFO 34124 --- [ost-startStop-1] o.s.b.w.servlet.FilterRegistrationBean   : Mapping filter: 'characterEncodingFilter' to: [/*]
2019-01-02 10:55:56.447  INFO 34124 --- [ost-startStop-1] o.s.b.w.servlet.FilterRegistrationBean   : Mapping filter: 'webMvcMetricsFilter' to: [/*]
2019-01-02 10:55:56.448  INFO 34124 --- [ost-startStop-1] o.s.b.w.servlet.FilterRegistrationBean   : Mapping filter: 'hiddenHttpMethodFilter' to: [/*]
2019-01-02 10:55:56.448  INFO 34124 --- [ost-startStop-1] o.s.b.w.servlet.FilterRegistrationBean   : Mapping filter: 'httpPutFormContentFilter' to: [/*]
2019-01-02 10:55:56.448  INFO 34124 --- [ost-startStop-1] o.s.b.w.servlet.FilterRegistrationBean   : Mapping filter: 'requestContextFilter' to: [/*]
2019-01-02 10:55:56.448  INFO 34124 --- [ost-startStop-1] o.s.b.w.servlet.FilterRegistrationBean   : Mapping filter: 'httpTraceFilter' to: [/*]
2019-01-02 10:55:56.448  INFO 34124 --- [ost-startStop-1] o.s.b.w.servlet.ServletRegistrationBean  : Servlet dispatcherServlet mapped to [/]
2019-01-02 10:55:56.536  INFO 34124 --- [    Test worker] com.zaxxer.hikari.HikariDataSource       : HikariPool-1 - Starting...
2019-01-02 10:55:56.692  INFO 34124 --- [    Test worker] com.zaxxer.hikari.HikariDataSource       : HikariPool-1 - Start completed.
2019-01-02 10:55:56.745  INFO 34124 --- [    Test worker] j.LocalContainerEntityManagerFactoryBean : Building JPA container EntityManagerFactory for persistence unit 'default'
2019-01-02 10:55:56.765  INFO 34124 --- [    Test worker] o.hibernate.jpa.internal.util.LogHelper  : HHH000204: Processing PersistenceUnitInfo [
	name: default
	...]
2019-01-02 10:55:56.836  INFO 34124 --- [    Test worker] org.hibernate.Version                    : HHH000412: Hibernate Core {5.2.17.Final}
2019-01-02 10:55:56.838  INFO 34124 --- [    Test worker] org.hibernate.cfg.Environment            : HHH000206: hibernate.properties not found
2019-01-02 10:55:56.874  INFO 34124 --- [    Test worker] o.hibernate.annotations.common.Version   : HCANN000001: Hibernate Commons Annotations {5.0.1.Final}
2019-01-02 10:55:56.990  INFO 34124 --- [    Test worker] org.hibernate.dialect.Dialect            : HHH000400: Using dialect: org.hibernate.dialect.H2Dialect
2019-01-02 10:55:57.537  INFO 34124 --- [    Test worker] o.h.t.schema.internal.SchemaCreatorImpl  : HHH000476: Executing import script 'org.hibernate.tool.schema.internal.exec.ScriptSourceInputNonExistentImpl@71ea52c8'
2019-01-02 10:55:57.539  INFO 34124 --- [    Test worker] j.LocalContainerEntityManagerFactoryBean : Initialized JPA EntityManagerFactory for persistence unit 'default'
2019-01-02 10:55:57.979  INFO 34124 --- [    Test worker] o.s.w.s.handler.SimpleUrlHandlerMapping  : Mapped URL path [/**/favicon.ico] onto handler of type [class org.springframework.web.servlet.resource.ResourceHttpRequestHandler]
2019-01-02 10:55:58.229  INFO 34124 --- [    Test worker] s.w.s.m.m.a.RequestMappingHandlerAdapter : Looking for @ControllerAdvice: org.springframework.boot.web.servlet.context.AnnotationConfigServletWebServerApplicationContext@44598d44: startup date [Wed Jan 02 10:55:53 EST 2019]; root of context hierarchy
2019-01-02 10:55:58.266  WARN 34124 --- [    Test worker] aWebConfiguration$JpaWebMvcConfiguration : spring.jpa.open-in-view is enabled by default. Therefore, database queries may be performed during view rendering. Explicitly configure spring.jpa.open-in-view to disable this warning
2019-01-02 10:55:58.295  INFO 34124 --- [    Test worker] s.w.s.m.m.a.RequestMappingHandlerMapping : Mapped "{[/users],methods=[GET]}" onto public java.lang.String hello.UserRestController.getUsers(org.springframework.ui.Model)
2019-01-02 10:55:58.298  INFO 34124 --- [    Test worker] s.w.s.m.m.a.RequestMappingHandlerMapping : Mapped "{[/users],methods=[POST]}" onto public java.lang.String hello.UserRestController.createUser(hello.User)
2019-01-02 10:55:58.298  INFO 34124 --- [    Test worker] s.w.s.m.m.a.RequestMappingHandlerMapping : Mapped "{[/users/new],methods=[GET]}" onto public java.lang.String hello.UserRestController.newUser(org.springframework.ui.Model)
2019-01-02 10:55:58.301  INFO 34124 --- [    Test worker] s.w.s.m.m.a.RequestMappingHandlerMapping : Mapped "{[/error]}" onto public org.springframework.http.ResponseEntity<java.util.Map<java.lang.String, java.lang.Object>> org.springframework.boot.autoconfigure.web.servlet.error.BasicErrorController.error(javax.servlet.http.HttpServletRequest)
2019-01-02 10:55:58.301  INFO 34124 --- [    Test worker] s.w.s.m.m.a.RequestMappingHandlerMapping : Mapped "{[/error],produces=[text/html]}" onto public org.springframework.web.servlet.ModelAndView org.springframework.boot.autoconfigure.web.servlet.error.BasicErrorController.errorHtml(javax.servlet.http.HttpServletRequest,javax.servlet.http.HttpServletResponse)
2019-01-02 10:55:58.328  INFO 34124 --- [    Test worker] o.s.w.s.handler.SimpleUrlHandlerMapping  : Mapped URL path [/webjars/**] onto handler of type [class org.springframework.web.servlet.resource.ResourceHttpRequestHandler]
2019-01-02 10:55:58.328  INFO 34124 --- [    Test worker] o.s.w.s.handler.SimpleUrlHandlerMapping  : Mapped URL path [/**] onto handler of type [class org.springframework.web.servlet.resource.ResourceHttpRequestHandler]
2019-01-02 10:55:58.417  INFO 34124 --- [    Test worker] o.s.b.a.w.s.WelcomePageHandlerMapping    : Adding welcome page: class path resource [static/index.html]
2019-01-02 10:55:58.653  INFO 34124 --- [    Test worker] o.s.b.a.e.web.EndpointLinksResolver      : Exposing 2 endpoint(s) beneath base path '/actuator'
2019-01-02 10:55:58.663  INFO 34124 --- [    Test worker] s.b.a.e.w.s.WebMvcEndpointHandlerMapping : Mapped "{[/actuator/health],methods=[GET],produces=[application/vnd.spring-boot.actuator.v2+json || application/json]}" onto public java.lang.Object org.springframework.boot.actuate.endpoint.web.servlet.AbstractWebMvcEndpointHandlerMapping$OperationHandler.handle(javax.servlet.http.HttpServletRequest,java.util.Map<java.lang.String, java.lang.String>)
2019-01-02 10:55:58.664  INFO 34124 --- [    Test worker] s.b.a.e.w.s.WebMvcEndpointHandlerMapping : Mapped "{[/actuator/info],methods=[GET],produces=[application/vnd.spring-boot.actuator.v2+json || application/json]}" onto public java.lang.Object org.springframework.boot.actuate.endpoint.web.servlet.AbstractWebMvcEndpointHandlerMapping$OperationHandler.handle(javax.servlet.http.HttpServletRequest,java.util.Map<java.lang.String, java.lang.String>)
2019-01-02 10:55:58.665  INFO 34124 --- [    Test worker] s.b.a.e.w.s.WebMvcEndpointHandlerMapping : Mapped "{[/actuator],methods=[GET],produces=[application/vnd.spring-boot.actuator.v2+json || application/json]}" onto protected java.util.Map<java.lang.String, java.util.Map<java.lang.String, org.springframework.boot.actuate.endpoint.web.Link>> org.springframework.boot.actuate.endpoint.web.servlet.WebMvcEndpointHandlerMapping.links(javax.servlet.http.HttpServletRequest,javax.servlet.http.HttpServletResponse)
2019-01-02 10:55:58.793  INFO 34124 --- [    Test worker] o.s.b.w.embedded.tomcat.TomcatWebServer  : Tomcat started on port(s): 63790 (http) with context path ''
2019-01-02 10:55:58.799  INFO 34124 --- [    Test worker] hello.HttpRequestTest                    : Started HttpRequestTest in 6.018 seconds (JVM running for 7.324)
2019-01-02 10:55:59.010  INFO 34124 --- [o-auto-1-exec-1] o.a.c.c.C.[Tomcat].[localhost].[/]       : Initializing Spring FrameworkServlet 'dispatcherServlet'
2019-01-02 10:55:59.010  INFO 34124 --- [o-auto-1-exec-1] o.s.web.servlet.DispatcherServlet        : FrameworkServlet 'dispatcherServlet': initialization started
2019-01-02 10:55:59.027  INFO 34124 --- [o-auto-1-exec-1] o.s.web.servlet.DispatcherServlet        : FrameworkServlet 'dispatcherServlet': initialization completed in 17 ms
]]></system-out>
  <system-err><![CDATA[]]></system-err>
</testsuite>
